<?xml version="1.0" encoding="UTF-8"?>
<!-- Generated by org.testng.reporters.JUnitReportReporter -->
<testsuite skipped="0" hostname="DESKTOP-ACILHS4" name="com.rupeek.CustomerServiceApp.GetParticularUserDetail" tests="6" failures="0" timestamp="24 Aug 2020 05:43:26 GMT" time="6.712" errors="0">
  <testcase name="getUserDetail" time="3.279" classname="com.rupeek.CustomerServiceApp.GetParticularUserDetail"/>
  <testcase name="getUserDetail" time="1.461" classname="com.rupeek.CustomerServiceApp.GetParticularUserDetail"/>
  <testcase name="getUserDetail" time="0.500" classname="com.rupeek.CustomerServiceApp.GetParticularUserDetail"/>
  <testcase name="getUserDetailWithIncorrectToken" time="0.508" classname="com.rupeek.CustomerServiceApp.GetParticularUserDetail"/>
  <testcase name="getUserDetailWithInvalidURI" time="0.521" classname="com.rupeek.CustomerServiceApp.GetParticularUserDetail"/>
  <testcase name="getUserDetailWithIncorrectPhoneNumber" time="0.443" classname="com.rupeek.CustomerServiceApp.GetParticularUserDetail"/>
</testsuite> <!-- com.rupeek.CustomerServiceApp.GetParticularUserDetail -->
