<?xml version="1.0" encoding="UTF-8"?>
<!-- Generated by org.testng.reporters.JUnitReportReporter -->
<testsuite skipped="0" hostname="DESKTOP-ACILHS4" name="com.rupeek.CustomerServiceApp.GetUsersAPI" tests="2" failures="0" timestamp="24 Aug 2020 05:33:24 GMT" time="3.492" errors="0">
  <testcase name="getUsersList" time="3.339" classname="com.rupeek.CustomerServiceApp.GetUsersAPI"/>
  <testcase name="getUsersListWithInvalidInput" time="0.153" classname="com.rupeek.CustomerServiceApp.GetUsersAPI"/>
</testsuite> <!-- com.rupeek.CustomerServiceApp.GetUsersAPI -->
