<?xml version="1.0" encoding="UTF-8"?>
<!-- Generated by org.testng.reporters.JUnitReportReporter -->
<testsuite skipped="0" hostname="DESKTOP-ACILHS4" name="com.rupeek.CustomerServiceApp.GetParticularUserDetail" tests="3" failures="0" timestamp="24 Aug 2020 04:47:25 GMT" time="5.236" errors="0">
  <testcase name="getUserDetail" time="3.736" classname="com.rupeek.CustomerServiceApp.GetParticularUserDetail"/>
  <testcase name="getUserDetailWithIncorrectToken" time="0.563" classname="com.rupeek.CustomerServiceApp.GetParticularUserDetail"/>
  <testcase name="getUserDetailWithInvalidURI" time="0.937" classname="com.rupeek.CustomerServiceApp.GetParticularUserDetail"/>
</testsuite> <!-- com.rupeek.CustomerServiceApp.GetParticularUserDetail -->
