<?xml version="1.0" encoding="UTF-8"?>
<!-- Generated by org.testng.reporters.JUnitReportReporter -->
<testsuite skipped="0" hostname="DESKTOP-ACILHS4" name="com.rupeek.CustomerServiceApp.AuthenticateAPI" tests="1" failures="0" timestamp="23 Aug 2020 16:51:15 GMT" time="3.196" errors="0">
  <testcase name="printToken" time="3.196" classname="com.rupeek.CustomerServiceApp.AuthenticateAPI"/>
</testsuite> <!-- com.rupeek.CustomerServiceApp.AuthenticateAPI -->
