<?xml version="1.0" encoding="UTF-8"?>
<!-- Generated by org.testng.reporters.JUnitReportReporter -->
<testsuite skipped="0" hostname="DESKTOP-ACILHS4" name="com.rupeek.CustomerServiceApp.GetParticularUserDetail" tests="1" failures="0" timestamp="23 Aug 2020 16:57:09 GMT" time="3.787" errors="0">
  <testcase name="getUserDetail" time="3.787" classname="com.rupeek.CustomerServiceApp.GetParticularUserDetail"/>
</testsuite> <!-- com.rupeek.CustomerServiceApp.GetParticularUserDetail -->
